Build started 2013/03/16 23:33:03.
     1>Project "C:\Users\Big L\Documents\Visual Studio 2010\Projects\terrainProject\terrainProject.vcxproj" on node 2 (build target(s)).
     1>InitializeBuildStatus:
         Creating "Debug\terrainProject.unsuccessfulbuild" because "AlwaysCreate" was specified.
       ClCompile:
         c:\Program Files\Microsoft Visual Studio 10.0\VC\bin\CL.exe /c /ZI /nologo /W3 /WX- /Od /Oy- /D WIN32 /D _DEBUG /D _CONSOLE /D _UNICODE /D UNICODE /Gm /EHsc /RTC1 /MDd /GS /fp:precise /Zc:wchar_t /Zc:forScope /Fo"Debug\\" /Fd"Debug\vc100.pdb" /Gd /TP /analyze- /errorReport:prompt QuadTree.cpp
         QuadTree.cpp
     1>c:\users\big l\documents\visual studio 2010\projects\terrainproject\quadtree.cpp(20): warning C4244: '=' : conversion from 'float' to 'int', possible loss of data
     1>c:\users\big l\documents\visual studio 2010\projects\terrainproject\quadtree.cpp(26): warning C4244: 'argument' : conversion from 'float' to 'int', possible loss of data
     1>c:\users\big l\documents\visual studio 2010\projects\terrainproject\quadtree.cpp(114): warning C4244: '=' : conversion from 'int' to 'float', possible loss of data
     1>c:\users\big l\documents\visual studio 2010\projects\terrainproject\quadtree.cpp(129): warning C4244: 'argument' : conversion from 'int' to 'float', possible loss of data
       ManifestResourceCompile:
         All outputs are up-to-date.
       Link:
         c:\Program Files\Microsoft Visual Studio 10.0\VC\bin\link.exe /ERRORREPORT:PROMPT /OUT:"C:\Users\Big L\Documents\Visual Studio 2010\Projects\terrainProject\Debug\terrainProject.exe" /INCREMENTAL /NOLOGO glfw.lib assimp.lib DevIL.lib glew32.lib opengl_3_3Engine.lib opengl32.lib kernel32.lib user32.lib gdi32.lib winspool.lib comdlg32.lib advapi32.lib shell32.lib ole32.lib oleaut32.lib uuid.lib odbc32.lib odbccp32.lib assimp.lib DevIL.lib glew32.lib opengl_3_3Engine.lib opengl32.lib kernel32.lib user32.lib gdi32.lib winspool.lib comdlg32.lib advapi32.lib shell32.lib ole32.lib oleaut32.lib uuid.lib odbc32.lib odbccp32.lib kernel32.lib user32.lib gdi32.lib winspool.lib comdlg32.lib advapi32.lib shell32.lib ole32.lib oleaut32.lib uuid.lib odbc32.lib odbccp32.lib /MANIFEST /ManifestFile:"Debug\terrainProject.exe.intermediate.manifest" /MANIFESTUAC:"level='asInvoker' uiAccess='false'" /DEBUG /PDB:"C:\Users\Big L\Documents\Visual Studio 2010\Projects\terrainProject\Debug\terrainProject.pdb" /SUBSYSTEM:CONSOLE /TLBID:1 /DYNAMICBASE /NXCOMPAT /IMPLIB:"C:\Users\Big L\Documents\Visual Studio 2010\Projects\terrainProject\Debug\terrainProject.lib" /MACHINE:X86 Debug\terrainProject.exe.embed.manifest.res
         Debug\GraphicsApp.obj
         Debug\Main.obj
         Debug\QuadTree.obj
         Debug\Terrain.obj
       Manifest:
         C:\Program Files\Microsoft SDKs\Windows\v7.0A\bin\mt.exe /nologo /verbose /out:"Debug\terrainProject.exe.embed.manifest" /manifest Debug\terrainProject.exe.intermediate.manifest
         All outputs are up-to-date.
       LinkEmbedManifest:
         All outputs are up-to-date.
         terrainProject.vcxproj -> C:\Users\Big L\Documents\Visual Studio 2010\Projects\terrainProject\Debug\terrainProject.exe
       FinalizeBuildStatus:
         Deleting file "Debug\terrainProject.unsuccessfulbuild".
         Touching "Debug\terrainProject.lastbuildstate".
     1>Done Building Project "C:\Users\Big L\Documents\Visual Studio 2010\Projects\terrainProject\terrainProject.vcxproj" (build target(s)).

Build succeeded.

Time Elapsed 00:00:02.34
